<?xml version="1.0" encoding="UTF-8"?>
<!-- Generated by org.testng.reporters.JUnitReportReporter -->
<testsuite hostname="8F3XQT2" failures="0" tests="1" name="testcases.LoginPPage" time="5.544" errors="0" timestamp="25 Sep 2023 11:22:26 GMT" skipped="0">
  <testcase classname="testcases.LoginPPage" name="loginLandingPage" time="5.544"/>
</testsuite> <!-- testcases.LoginPPage -->
