<?xml version="1.0" encoding="UTF-8"?>
<!-- Generated by org.testng.reporters.JUnitReportReporter -->
<testsuite hostname="8F3XQT2" failures="0" tests="1" name="testcases.New_Releases" time="9.738" errors="0" timestamp="25 Sep 2023 11:22:26 GMT" skipped="0">
  <testcase classname="testcases.New_Releases" name="newReleases" time="9.738"/>
</testsuite> <!-- testcases.New_Releases -->
